[2023-02-09_13-37-26] New results directory created @ /home/nimroda/dpa_balance/src/data/9Layers_2023_02_09
[2023-02-09_13-37-26] None

1000
7938
[2023-02-09_13-37-45] __init__: arch=custom_fc, dataset=dpa-dataset, model_chkp=None, pretrained=True
[2023-02-09_13-37-45] Using GPU
[2023-02-09_13-37-51] train_pred: epochs=50, lr=0.01, lr_plan=[100, 200, 300, 400, 500, 600, 700, 800, 900], momentum=0.9, wd=0.0001, batch_size=128, optimizer=SGD, quantization=0
[2023-02-09_13-37-51] Epoch: [0][ 0/63]	Time  0.021 ( 0.021)	Data  0.004 ( 0.004)	Loss 1.1998e+02 (1.1998e+02)
[2023-02-09_13-37-51] Epoch: [0][10/63]	Time  0.032 ( 0.032)	Data  0.001 ( 0.001)	Loss 1.1992e+02 (1.2005e+02)
[2023-02-09_13-37-52] Epoch: [0][20/63]	Time  0.033 ( 0.032)	Data  0.001 ( 0.001)	Loss 1.2047e+02 (1.2013e+02)
[2023-02-09_13-37-52] Epoch: [0][30/63]	Time  0.033 ( 0.032)	Data  0.001 ( 0.001)	Loss 1.1920e+02 (1.2001e+02)
[2023-02-09_13-37-52] Epoch: [0][40/63]	Time  0.033 ( 0.032)	Data  0.001 ( 0.001)	Loss 1.1846e+02 (1.1973e+02)
[2023-02-09_13-37-53] Epoch: [0][50/63]	Time  0.032 ( 0.032)	Data  0.001 ( 0.001)	Loss 1.0784e+02 (1.1891e+02)
[2023-02-09_13-37-53] Epoch: [0][60/63]	Time  0.033 ( 0.032)	Data  0.001 ( 0.001)	Loss 1.1987e+02 (1.1970e+02)
[2023-02-09_13-37-53] Test: [0/8]	Time  0.006 ( 0.006)	Loss 1.2083e+02 (1.2083e+02)
[2023-02-09_13-37-53]  * Loss 119.503
[2023-02-09_13-37-53] Epoch: [1][ 0/63]	Time  0.011 ( 0.011)	Data  0.001 ( 0.001)	Loss 1.1899e+02 (1.1899e+02)
[2023-02-09_13-37-53] Epoch: [1][10/63]	Time  0.032 ( 0.030)	Data  0.001 ( 0.001)	Loss 1.1963e+02 (1.1925e+02)
[2023-02-09_13-37-54] Epoch: [1][20/63]	Time  0.032 ( 0.031)	Data  0.001 ( 0.001)	Loss 1.1920e+02 (1.1924e+02)
[2023-02-09_13-37-54] Epoch: [1][30/63]	Time  0.032 ( 0.032)	Data  0.001 ( 0.001)	Loss 1.1595e+02 (1.1882e+02)
[2023-02-09_13-37-54] Epoch: [1][40/63]	Time  0.032 ( 0.032)	Data  0.001 ( 0.001)	Loss 8.1208e+01 (1.1524e+02)
[2023-02-09_13-37-55] Epoch: [1][50/63]	Time  0.032 ( 0.032)	Data  0.001 ( 0.001)	Loss 1.1165e+02 (1.1334e+02)
[2023-02-09_13-37-55] Epoch: [1][60/63]	Time  0.032 ( 0.032)	Data  0.001 ( 0.001)	Loss 1.1863e+02 (1.1428e+02)
[2023-02-09_13-37-55] Test: [0/8]	Time  0.006 ( 0.006)	Loss 1.1891e+02 (1.1891e+02)
[2023-02-09_13-37-55]  * Loss 118.676
[2023-02-09_13-37-55] Epoch: [2][ 0/63]	Time  0.010 ( 0.010)	Data  0.001 ( 0.001)	Loss 1.1891e+02 (1.1891e+02)
[2023-02-09_13-37-55] Epoch: [2][10/63]	Time  0.032 ( 0.030)	Data  0.001 ( 0.001)	Loss 1.1884e+02 (1.1865e+02)
[2023-02-09_13-37-56] Epoch: [2][20/63]	Time  0.032 ( 0.031)	Data  0.001 ( 0.001)	Loss 1.1808e+02 (1.1848e+02)
[2023-02-09_13-37-56] Epoch: [2][30/63]	Time  0.032 ( 0.032)	Data  0.001 ( 0.001)	Loss 1.1801e+02 (1.1841e+02)
[2023-02-09_13-37-56] Epoch: [2][40/63]	Time  0.032 ( 0.032)	Data  0.001 ( 0.001)	Loss 1.1778e+02 (1.1836e+02)
[2023-02-09_13-37-57] Epoch: [2][50/63]	Time  0.033 ( 0.032)	Data  0.001 ( 0.001)	Loss 1.1770e+02 (1.1831e+02)
[2023-02-09_13-37-57] Epoch: [2][60/63]	Time  0.032 ( 0.032)	Data  0.001 ( 0.001)	Loss 1.1749e+02 (1.1821e+02)
[2023-02-09_13-37-57] Test: [0/8]	Time  0.006 ( 0.006)	Loss 1.1756e+02 (1.1756e+02)
[2023-02-09_13-37-57]  * Loss 117.811
[2023-02-09_13-37-57] Epoch: [3][ 0/63]	Time  0.009 ( 0.009)	Data  0.001 ( 0.001)	Loss 1.1810e+02 (1.1810e+02)
[2023-02-09_13-37-57] Epoch: [3][10/63]	Time  0.032 ( 0.030)	Data  0.001 ( 0.001)	Loss 1.1724e+02 (1.1782e+02)
[2023-02-09_13-37-58] Epoch: [3][20/63]	Time  0.032 ( 0.031)	Data  0.001 ( 0.001)	Loss 1.1730e+02 (1.1769e+02)
[2023-02-09_13-37-58] Epoch: [3][30/63]	Time  0.032 ( 0.032)	Data  0.001 ( 0.001)	Loss 1.1727e+02 (1.1758e+02)
[2023-02-09_13-37-58] Epoch: [3][40/63]	Time  0.032 ( 0.032)	Data  0.001 ( 0.001)	Loss 1.1707e+02 (1.1749e+02)
[2023-02-09_13-37-59] Epoch: [3][50/63]	Time  0.032 ( 0.032)	Data  0.001 ( 0.001)	Loss 1.2021e+02 (1.1747e+02)
[2023-02-09_13-37-59] Epoch: [3][60/63]	Time  0.032 ( 0.032)	Data  0.001 ( 0.001)	Loss 1.1685e+02 (1.1740e+02)
[2023-02-09_13-37-59] Test: [0/8]	Time  0.006 ( 0.006)	Loss 1.1645e+02 (1.1645e+02)
[2023-02-09_13-37-59]  * Loss 116.975
[2023-02-09_13-37-59] Epoch: [4][ 0/63]	Time  0.010 ( 0.010)	Data  0.001 ( 0.001)	Loss 1.1736e+02 (1.1736e+02)
[2023-02-09_13-37-59] Epoch: [4][10/63]	Time  0.032 ( 0.030)	Data  0.002 ( 0.001)	Loss 1.1670e+02 (1.1685e+02)
[2023-02-09_13-38-00] Epoch: [4][20/63]	Time  0.033 ( 0.031)	Data  0.002 ( 0.002)	Loss 1.1648e+02 (1.1678e+02)
[2023-02-09_13-38-00] Epoch: [4][30/63]	Time  0.033 ( 0.032)	Data  0.002 ( 0.002)	Loss 1.1701e+02 (1.1680e+02)
[2023-02-09_13-38-00] Epoch: [4][40/63]	Time  0.032 ( 0.032)	Data  0.002 ( 0.002)	Loss 1.1678e+02 (1.1671e+02)
[2023-02-09_13-38-01] Epoch: [4][50/63]	Time  0.032 ( 0.032)	Data  0.002 ( 0.002)	Loss 1.1667e+02 (1.1670e+02)
[2023-02-09_13-38-01] Epoch: [4][60/63]	Time  0.033 ( 0.032)	Data  0.001 ( 0.002)	Loss 1.1607e+02 (1.1662e+02)
[2023-02-09_13-38-01] Test: [0/8]	Time  0.007 ( 0.007)	Loss 1.1599e+02 (1.1599e+02)
[2023-02-09_13-38-01]  * Loss 116.314
[2023-02-09_13-38-01] Epoch: [5][ 0/63]	Time  0.010 ( 0.010)	Data  0.002 ( 0.002)	Loss 1.1661e+02 (1.1661e+02)
[2023-02-09_13-38-02] Epoch: [5][10/63]	Time  0.032 ( 0.030)	Data  0.001 ( 0.001)	Loss 1.1597e+02 (1.1628e+02)
[2023-02-09_13-38-02] Epoch: [5][20/63]	Time  0.032 ( 0.031)	Data  0.001 ( 0.001)	Loss 1.1635e+02 (1.1634e+02)
[2023-02-09_13-38-02] Epoch: [5][30/63]	Time  0.032 ( 0.032)	Data  0.001 ( 0.001)	Loss 1.1571e+02 (1.1622e+02)
[2023-02-09_13-38-03] Epoch: [5][40/63]	Time  0.032 ( 0.032)	Data  0.001 ( 0.001)	Loss 1.1611e+02 (1.1612e+02)
[2023-02-09_13-38-03] Epoch: [5][50/63]	Time  0.032 ( 0.032)	Data  0.001 ( 0.001)	Loss 1.1554e+02 (1.1603e+02)
[2023-02-09_13-38-03] Epoch: [5][60/63]	Time  0.032 ( 0.032)	Data  0.001 ( 0.001)	Loss 1.1636e+02 (1.1597e+02)
[2023-02-09_13-38-03] Test: [0/8]	Time  0.006 ( 0.006)	Loss 1.1579e+02 (1.1579e+02)
[2023-02-09_13-38-03]  * Loss 115.623
[2023-02-09_13-38-03] Epoch: [6][ 0/63]	Time  0.010 ( 0.010)	Data  0.001 ( 0.001)	Loss 1.1551e+02 (1.1551e+02)
[2023-02-09_13-38-04] Epoch: [6][10/63]	Time  0.032 ( 0.030)	Data  0.001 ( 0.001)	Loss 1.1527e+02 (1.1553e+02)
[2023-02-09_13-38-04] Epoch: [6][20/63]	Time  0.032 ( 0.031)	Data  0.001 ( 0.001)	Loss 1.1519e+02 (1.1546e+02)
[2023-02-09_13-38-04] Epoch: [6][30/63]	Time  0.033 ( 0.032)	Data  0.001 ( 0.001)	Loss 1.1506e+02 (1.1539e+02)
[2023-02-09_13-38-05] Epoch: [6][40/63]	Time  0.033 ( 0.032)	Data  0.001 ( 0.001)	Loss 1.1498e+02 (1.1534e+02)
[2023-02-09_13-38-05] Epoch: [6][50/63]	Time  0.032 ( 0.032)	Data  0.001 ( 0.001)	Loss 1.1504e+02 (1.1528e+02)
[2023-02-09_13-38-05] Epoch: [6][60/63]	Time  0.033 ( 0.032)	Data  0.001 ( 0.001)	Loss 1.1484e+02 (1.1529e+02)
[2023-02-09_13-38-05] Test: [0/8]	Time  0.006 ( 0.006)	Loss 1.1481e+02 (1.1481e+02)
[2023-02-09_13-38-05]  * Loss 114.940
[2023-02-09_13-38-05] Epoch: [7][ 0/63]	Time  0.010 ( 0.010)	Data  0.001 ( 0.001)	Loss 1.1481e+02 (1.1481e+02)
[2023-02-09_13-38-06] Epoch: [7][10/63]	Time  0.032 ( 0.030)	Data  0.001 ( 0.001)	Loss 1.1529e+02 (1.1533e+02)
[2023-02-09_13-38-06] Epoch: [7][20/63]	Time  0.032 ( 0.031)	Data  0.001 ( 0.001)	Loss 1.1461e+02 (1.1507e+02)
[2023-02-09_13-38-06] Epoch: [7][30/63]	Time  0.032 ( 0.032)	Data  0.001 ( 0.001)	Loss 1.1449e+02 (1.1491e+02)
[2023-02-09_13-38-07] Epoch: [7][40/63]	Time  0.032 ( 0.032)	Data  0.001 ( 0.001)	Loss 1.1440e+02 (1.1478e+02)
[2023-02-09_13-38-07] Epoch: [7][50/63]	Time  0.032 ( 0.032)	Data  0.001 ( 0.001)	Loss 1.1423e+02 (1.1470e+02)
[2023-02-09_13-38-07] Epoch: [7][60/63]	Time  0.032 ( 0.032)	Data  0.001 ( 0.001)	Loss 1.1412e+02 (1.1462e+02)
[2023-02-09_13-38-07] Test: [0/8]	Time  0.006 ( 0.006)	Loss 1.1407e+02 (1.1407e+02)
[2023-02-09_13-38-07]  * Loss 114.188
[2023-02-09_13-38-07] Epoch: [8][ 0/63]	Time  0.010 ( 0.010)	Data  0.001 ( 0.001)	Loss 1.1414e+02 (1.1414e+02)
[2023-02-09_13-38-08] Epoch: [8][10/63]	Time  0.033 ( 0.030)	Data  0.001 ( 0.001)	Loss 1.1971e+02 (1.1456e+02)
[2023-02-09_13-38-08] Epoch: [8][20/63]	Time  0.032 ( 0.031)	Data  0.001 ( 0.001)	Loss 1.1390e+02 (1.1428e+02)
[2023-02-09_13-38-08] Epoch: [8][30/63]	Time  0.032 ( 0.032)	Data  0.001 ( 0.001)	Loss 1.1381e+02 (1.1413e+02)
[2023-02-09_13-38-09] Epoch: [8][40/63]	Time  0.032 ( 0.032)	Data  0.001 ( 0.001)	Loss 1.1374e+02 (1.1406e+02)
[2023-02-09_13-38-09] Epoch: [8][50/63]	Time  0.032 ( 0.032)	Data  0.001 ( 0.001)	Loss 1.1347e+02 (1.1400e+02)
[2023-02-09_13-38-09] Epoch: [8][60/63]	Time  0.032 ( 0.032)	Data  0.001 ( 0.001)	Loss 1.1333e+02 (1.1392e+02)
[2023-02-09_13-38-09] Test: [0/8]	Time  0.006 ( 0.006)	Loss 1.1332e+02 (1.1332e+02)
[2023-02-09_13-38-09]  * Loss 113.553
[2023-02-09_13-38-09] Epoch: [9][ 0/63]	Time  0.010 ( 0.010)	Data  0.001 ( 0.001)	Loss 1.1349e+02 (1.1349e+02)
[2023-02-09_13-38-10] Epoch: [9][10/63]	Time  0.032 ( 0.030)	Data  0.001 ( 0.001)	Loss 1.1325e+02 (1.1340e+02)
[2023-02-09_13-38-10] Epoch: [9][20/63]	Time  0.033 ( 0.031)	Data  0.001 ( 0.001)	Loss 1.1318e+02 (1.1333e+02)
[2023-02-09_13-38-10] Epoch: [9][30/63]	Time  0.032 ( 0.032)	Data  0.001 ( 0.001)	Loss 1.1304e+02 (1.1351e+02)
[2023-02-09_13-38-11] Epoch: [9][40/63]	Time  0.032 ( 0.032)	Data  0.001 ( 0.001)	Loss 1.1294e+02 (1.1343e+02)
[2023-02-09_13-38-11] Epoch: [9][50/63]	Time  0.032 ( 0.032)	Data  0.001 ( 0.001)	Loss 1.1280e+02 (1.1334e+02)
[2023-02-09_13-38-11] Epoch: [9][60/63]	Time  0.032 ( 0.032)	Data  0.001 ( 0.001)	Loss 1.1294e+02 (1.1324e+02)
[2023-02-09_13-38-11] Test: [0/8]	Time  0.006 ( 0.006)	Loss 1.1271e+02 (1.1271e+02)
[2023-02-09_13-38-11]  * Loss 112.871
[2023-02-09_13-38-11] Epoch: [10][ 0/63]	Time  0.010 ( 0.010)	Data  0.001 ( 0.001)	Loss 1.1285e+02 (1.1285e+02)
[2023-02-09_13-38-12] Epoch: [10][10/63]	Time  0.032 ( 0.030)	Data  0.001 ( 0.001)	Loss 1.1257e+02 (1.1267e+02)
[2023-02-09_13-38-12] Epoch: [10][20/63]	Time  0.028 ( 0.031)	Data  0.001 ( 0.001)	Loss 1.1278e+02 (1.1300e+02)
[2023-02-09_13-38-12] Epoch: [10][30/63]	Time  0.032 ( 0.032)	Data  0.001 ( 0.001)	Loss 1.1238e+02 (1.1283e+02)
[2023-02-09_13-38-13] Epoch: [10][40/63]	Time  0.033 ( 0.032)	Data  0.001 ( 0.001)	Loss 1.1224e+02 (1.1271e+02)
[2023-02-09_13-38-13] Epoch: [10][50/63]	Time  0.032 ( 0.032)	Data  0.001 ( 0.001)	Loss 1.1212e+02 (1.1263e+02)
[2023-02-09_13-38-13] Epoch: [10][60/63]	Time  0.032 ( 0.032)	Data  0.001 ( 0.001)	Loss 1.1208e+02 (1.1257e+02)
[2023-02-09_13-38-13] Test: [0/8]	Time  0.006 ( 0.006)	Loss 1.1204e+02 (1.1204e+02)
[2023-02-09_13-38-13]  * Loss 112.166
[2023-02-09_13-38-13] Epoch: [11][ 0/63]	Time  0.010 ( 0.010)	Data  0.001 ( 0.001)	Loss 1.1191e+02 (1.1191e+02)
[2023-02-09_13-38-14] Epoch: [11][10/63]	Time  0.032 ( 0.030)	Data  0.001 ( 0.001)	Loss 1.1213e+02 (1.1196e+02)
[2023-02-09_13-38-14] Epoch: [11][20/63]	Time  0.032 ( 0.031)	Data  0.001 ( 0.001)	Loss 1.1180e+02 (1.1191e+02)
[2023-02-09_13-38-14] Epoch: [11][30/63]	Time  0.032 ( 0.032)	Data  0.001 ( 0.001)	Loss 1.1159e+02 (1.1187e+02)
[2023-02-09_13-38-15] Epoch: [11][40/63]	Time  0.032 ( 0.032)	Data  0.001 ( 0.001)	Loss 1.1168e+02 (1.1182e+02)
[2023-02-09_13-38-15] Epoch: [11][50/63]	Time  0.032 ( 0.032)	Data  0.001 ( 0.001)	Loss 1.1143e+02 (1.1180e+02)
[2023-02-09_13-38-15] Epoch: [11][60/63]	Time  0.032 ( 0.032)	Data  0.001 ( 0.001)	Loss 1.1149e+02 (1.1190e+02)
[2023-02-09_13-38-16] Test: [0/8]	Time  0.006 ( 0.006)	Loss 1.1133e+02 (1.1133e+02)
[2023-02-09_13-38-16]  * Loss 111.503
[2023-02-09_13-38-16] Epoch: [12][ 0/63]	Time  0.010 ( 0.010)	Data  0.001 ( 0.001)	Loss 1.1143e+02 (1.1143e+02)
[2023-02-09_13-38-16] Epoch: [12][10/63]	Time  0.032 ( 0.030)	Data  0.001 ( 0.001)	Loss 1.1121e+02 (1.1130e+02)
[2023-02-09_13-38-16] Epoch: [12][20/63]	Time  0.032 ( 0.031)	Data  0.001 ( 0.001)	Loss 1.1112e+02 (1.1129e+02)
[2023-02-09_13-38-17] Epoch: [12][30/63]	Time  0.032 ( 0.032)	Data  0.001 ( 0.001)	Loss 1.1108e+02 (1.1149e+02)
[2023-02-09_13-38-17] Epoch: [12][40/63]	Time  0.032 ( 0.032)	Data  0.001 ( 0.001)	Loss 1.1085e+02 (1.1137e+02)
[2023-02-09_13-38-17] Epoch: [12][50/63]	Time  0.032 ( 0.032)	Data  0.001 ( 0.001)	Loss 1.1075e+02 (1.1129e+02)
[2023-02-09_13-38-17] Epoch: [12][60/63]	Time  0.032 ( 0.032)	Data  0.001 ( 0.001)	Loss 1.1078e+02 (1.1121e+02)
[2023-02-09_13-38-18] Test: [0/8]	Time  0.006 ( 0.006)	Loss 1.1057e+02 (1.1057e+02)
[2023-02-09_13-38-18]  * Loss 110.792
[2023-02-09_13-38-18] Epoch: [13][ 0/63]	Time  0.010 ( 0.010)	Data  0.001 ( 0.001)	Loss 1.1063e+02 (1.1063e+02)
[2023-02-09_13-38-18] Epoch: [13][10/63]	Time  0.032 ( 0.030)	Data  0.001 ( 0.001)	Loss 1.1059e+02 (1.1080e+02)
[2023-02-09_13-38-18] Epoch: [13][20/63]	Time  0.032 ( 0.031)	Data  0.001 ( 0.001)	Loss 1.1061e+02 (1.1068e+02)
[2023-02-09_13-38-19] Epoch: [13][30/63]	Time  0.032 ( 0.032)	Data  0.001 ( 0.001)	Loss 1.1033e+02 (1.1060e+02)
[2023-02-09_13-38-19] Epoch: [13][40/63]	Time  0.032 ( 0.032)	Data  0.001 ( 0.001)	Loss 1.1030e+02 (1.1052e+02)
[2023-02-09_13-38-19] Epoch: [13][50/63]	Time  0.032 ( 0.032)	Data  0.001 ( 0.001)	Loss 1.1022e+02 (1.1065e+02)
[2023-02-09_13-38-20] Epoch: [13][60/63]	Time  0.032 ( 0.032)	Data  0.001 ( 0.001)	Loss 1.1000e+02 (1.1056e+02)
[2023-02-09_13-38-20] Test: [0/8]	Time  0.006 ( 0.006)	Loss 1.0996e+02 (1.0996e+02)
[2023-02-09_13-38-20]  * Loss 110.105
[2023-02-09_13-38-20] Epoch: [14][ 0/63]	Time  0.009 ( 0.009)	Data  0.001 ( 0.001)	Loss 1.0997e+02 (1.0997e+02)
[2023-02-09_13-38-20] Epoch: [14][10/63]	Time  0.032 ( 0.030)	Data  0.001 ( 0.001)	Loss 1.1091e+02 (1.1103e+02)
[2023-02-09_13-38-20] Epoch: [14][20/63]	Time  0.033 ( 0.031)	Data  0.001 ( 0.001)	Loss 1.0980e+02 (1.1046e+02)
[2023-02-09_13-38-21] Epoch: [14][30/63]	Time  0.032 ( 0.032)	Data  0.001 ( 0.001)	Loss 1.0973e+02 (1.1024e+02)
[2023-02-09_13-38-21] Epoch: [14][40/63]	Time  0.032 ( 0.032)	Data  0.001 ( 0.001)	Loss 1.0953e+02 (1.1008e+02)
[2023-02-09_13-38-21] Epoch: [14][50/63]	Time  0.032 ( 0.032)	Data  0.001 ( 0.001)	Loss 1.0952e+02 (1.0997e+02)
[2023-02-09_13-38-22] Epoch: [14][60/63]	Time  0.032 ( 0.032)	Data  0.001 ( 0.001)	Loss 1.0936e+02 (1.0988e+02)
[2023-02-09_13-38-22] Test: [0/8]	Time  0.006 ( 0.006)	Loss 1.0931e+02 (1.0931e+02)
[2023-02-09_13-38-22]  * Loss 109.435
[2023-02-09_13-38-22] Epoch: [15][ 0/63]	Time  0.010 ( 0.010)	Data  0.001 ( 0.001)	Loss 1.0931e+02 (1.0931e+02)
[2023-02-09_13-38-22] Epoch: [15][10/63]	Time  0.032 ( 0.030)	Data  0.001 ( 0.001)	Loss 1.0930e+02 (1.0926e+02)
[2023-02-09_13-38-22] Epoch: [15][20/63]	Time  0.032 ( 0.031)	Data  0.001 ( 0.001)	Loss 1.0918e+02 (1.0968e+02)
[2023-02-09_13-38-23] Epoch: [15][30/63]	Time  0.032 ( 0.032)	Data  0.001 ( 0.001)	Loss 1.0907e+02 (1.0950e+02)
[2023-02-09_13-38-23] Epoch: [15][40/63]	Time  0.032 ( 0.032)	Data  0.001 ( 0.001)	Loss 1.0892e+02 (1.0936e+02)
[2023-02-09_13-38-23] Epoch: [15][50/63]	Time  0.032 ( 0.032)	Data  0.001 ( 0.001)	Loss 1.0873e+02 (1.0929e+02)
[2023-02-09_13-38-24] Epoch: [15][60/63]	Time  0.032 ( 0.032)	Data  0.001 ( 0.001)	Loss 1.0876e+02 (1.0920e+02)
[2023-02-09_13-38-24] Test: [0/8]	Time  0.006 ( 0.006)	Loss 1.0871e+02 (1.0871e+02)
[2023-02-09_13-38-24]  * Loss 108.719
[2023-02-09_13-38-24] Epoch: [16][ 0/63]	Time  0.010 ( 0.010)	Data  0.001 ( 0.001)	Loss 1.0855e+02 (1.0855e+02)
[2023-02-09_13-38-24] Epoch: [16][10/63]	Time  0.032 ( 0.030)	Data  0.001 ( 0.001)	Loss 1.0861e+02 (1.0855e+02)
[2023-02-09_13-38-24] Epoch: [16][20/63]	Time  0.032 ( 0.031)	Data  0.001 ( 0.001)	Loss 1.0838e+02 (1.0850e+02)
[2023-02-09_13-38-25] Epoch: [16][30/63]	Time  0.032 ( 0.032)	Data  0.001 ( 0.001)	Loss 1.0826e+02 (1.0849e+02)
[2023-02-09_13-38-25] Epoch: [16][40/63]	Time  0.032 ( 0.032)	Data  0.001 ( 0.001)	Loss 1.0821e+02 (1.0846e+02)
[2023-02-09_13-38-25] Epoch: [16][50/63]	Time  0.032 ( 0.032)	Data  0.001 ( 0.001)	Loss 1.0808e+02 (1.0840e+02)
[2023-02-09_13-38-26] Epoch: [16][60/63]	Time  0.032 ( 0.032)	Data  0.001 ( 0.001)	Loss 1.0796e+02 (1.0853e+02)
[2023-02-09_13-38-26] Test: [0/8]	Time  0.006 ( 0.006)	Loss 1.0894e+02 (1.0894e+02)
[2023-02-09_13-38-26]  * Loss 108.044
[2023-02-09_13-38-26] Epoch: [17][ 0/63]	Time  0.010 ( 0.010)	Data  0.001 ( 0.001)	Loss 1.0793e+02 (1.0793e+02)
[2023-02-09_13-38-26] Epoch: [17][10/63]	Time  0.032 ( 0.030)	Data  0.001 ( 0.001)	Loss 1.0781e+02 (1.0787e+02)
[2023-02-09_13-38-26] Epoch: [17][20/63]	Time  0.032 ( 0.031)	Data  0.001 ( 0.001)	Loss 1.0769e+02 (1.0786e+02)
[2023-02-09_13-38-27] Epoch: [17][30/63]	Time  0.032 ( 0.032)	Data  0.001 ( 0.001)	Loss 1.0759e+02 (1.0780e+02)
[2023-02-09_13-38-27] Epoch: [17][40/63]	Time  0.032 ( 0.032)	Data  0.001 ( 0.001)	Loss 1.0750e+02 (1.0804e+02)
[2023-02-09_13-38-27] Epoch: [17][50/63]	Time  0.032 ( 0.032)	Data  0.001 ( 0.001)	Loss 1.0741e+02 (1.0793e+02)
[2023-02-09_13-38-28] Epoch: [17][60/63]	Time  0.032 ( 0.032)	Data  0.001 ( 0.001)	Loss 1.0726e+02 (1.0785e+02)
[2023-02-09_13-38-28] Test: [0/8]	Time  0.006 ( 0.006)	Loss 1.0720e+02 (1.0720e+02)
[2023-02-09_13-38-28]  * Loss 107.340
[2023-02-09_13-38-28] Epoch: [18][ 0/63]	Time  0.010 ( 0.010)	Data  0.001 ( 0.001)	Loss 1.0722e+02 (1.0722e+02)
[2023-02-09_13-38-28] Epoch: [18][10/63]	Time  0.032 ( 0.030)	Data  0.001 ( 0.001)	Loss 1.0819e+02 (1.0834e+02)
[2023-02-09_13-38-28] Epoch: [18][20/63]	Time  0.032 ( 0.031)	Data  0.001 ( 0.001)	Loss 1.0705e+02 (1.0776e+02)
[2023-02-09_13-38-29] Epoch: [18][30/63]	Time  0.032 ( 0.032)	Data  0.001 ( 0.001)	Loss 1.0703e+02 (1.0751e+02)
[2023-02-09_13-38-29] Epoch: [18][40/63]	Time  0.032 ( 0.032)	Data  0.001 ( 0.001)	Loss 1.0688e+02 (1.0736e+02)
[2023-02-09_13-38-29] Epoch: [18][50/63]	Time  0.033 ( 0.032)	Data  0.001 ( 0.001)	Loss 1.0666e+02 (1.0727e+02)
[2023-02-09_13-38-30] Epoch: [18][60/63]	Time  0.032 ( 0.032)	Data  0.001 ( 0.001)	Loss 1.0745e+02 (1.0718e+02)
[2023-02-09_13-38-30] Test: [0/8]	Time  0.006 ( 0.006)	Loss 1.0649e+02 (1.0649e+02)
[2023-02-09_13-38-30]  * Loss 106.713
[2023-02-09_13-38-30] Epoch: [19][ 0/63]	Time  0.010 ( 0.010)	Data  0.001 ( 0.001)	Loss 1.0672e+02 (1.0672e+02)
[2023-02-09_13-38-30] Epoch: [19][10/63]	Time  0.032 ( 0.030)	Data  0.001 ( 0.001)	Loss 1.0663e+02 (1.0650e+02)
[2023-02-09_13-38-31] Epoch: [19][20/63]	Time  0.032 ( 0.031)	Data  0.001 ( 0.001)	Loss 1.0647e+02 (1.0648e+02)
[2023-02-09_13-38-31] Epoch: [19][30/63]	Time  0.032 ( 0.032)	Data  0.001 ( 0.001)	Loss 1.0704e+02 (1.0684e+02)
[2023-02-09_13-38-31] Epoch: [19][40/63]	Time  0.032 ( 0.032)	Data  0.001 ( 0.001)	Loss 1.0627e+02 (1.0671e+02)
[2023-02-09_13-38-32] Epoch: [19][50/63]	Time  0.032 ( 0.032)	Data  0.001 ( 0.001)	Loss 1.0593e+02 (1.0661e+02)
[2023-02-09_13-38-32] Epoch: [19][60/63]	Time  0.032 ( 0.032)	Data  0.001 ( 0.001)	Loss 1.0581e+02 (1.0652e+02)
[2023-02-09_13-38-32] Test: [0/8]	Time  0.006 ( 0.006)	Loss 1.0615e+02 (1.0615e+02)
[2023-02-09_13-38-32]  * Loss 106.027
[2023-02-09_13-38-32] Epoch: [20][ 0/63]	Time  0.010 ( 0.010)	Data  0.001 ( 0.001)	Loss 1.0574e+02 (1.0574e+02)
[2023-02-09_13-38-32] Epoch: [20][10/63]	Time  0.032 ( 0.030)	Data  0.001 ( 0.001)	Loss 1.0569e+02 (1.0575e+02)
[2023-02-09_13-38-33] Epoch: [20][20/63]	Time  0.032 ( 0.031)	Data  0.001 ( 0.001)	Loss 1.0555e+02 (1.0573e+02)
[2023-02-09_13-38-33] Epoch: [20][30/63]	Time  0.032 ( 0.032)	Data  0.001 ( 0.001)	Loss 1.0595e+02 (1.0576e+02)
[2023-02-09_13-38-33] Epoch: [20][40/63]	Time  0.032 ( 0.032)	Data  0.001 ( 0.001)	Loss 1.0531e+02 (1.0572e+02)
[2023-02-09_13-38-34] Epoch: [20][50/63]	Time  0.033 ( 0.032)	Data  0.001 ( 0.001)	Loss 1.0527e+02 (1.0569e+02)
[2023-02-09_13-38-34] Epoch: [20][60/63]	Time  0.032 ( 0.032)	Data  0.001 ( 0.001)	Loss 1.1853e+02 (1.0586e+02)
[2023-02-09_13-38-34] Test: [0/8]	Time  0.006 ( 0.006)	Loss 1.0539e+02 (1.0539e+02)
[2023-02-09_13-38-34]  * Loss 105.367
[2023-02-09_13-38-34] Epoch: [21][ 0/63]	Time  0.010 ( 0.010)	Data  0.001 ( 0.001)	Loss 1.0526e+02 (1.0526e+02)
[2023-02-09_13-38-34] Epoch: [21][10/63]	Time  0.032 ( 0.030)	Data  0.001 ( 0.001)	Loss 1.0524e+02 (1.0517e+02)
[2023-02-09_13-38-35] Epoch: [21][20/63]	Time  0.033 ( 0.031)	Data  0.001 ( 0.001)	Loss 1.0524e+02 (1.0519e+02)
[2023-02-09_13-38-35] Epoch: [21][30/63]	Time  0.032 ( 0.032)	Data  0.001 ( 0.001)	Loss 1.1843e+02 (1.0554e+02)
[2023-02-09_13-38-35] Epoch: [21][40/63]	Time  0.032 ( 0.032)	Data  0.001 ( 0.001)	Loss 1.0475e+02 (1.0538e+02)
[2023-02-09_13-38-36] Epoch: [21][50/63]	Time  0.032 ( 0.032)	Data  0.001 ( 0.001)	Loss 1.0488e+02 (1.0529e+02)
[2023-02-09_13-38-36] Epoch: [21][60/63]	Time  0.033 ( 0.032)	Data  0.001 ( 0.001)	Loss 1.0457e+02 (1.0519e+02)
[2023-02-09_13-38-36] Test: [0/8]	Time  0.006 ( 0.006)	Loss 1.0453e+02 (1.0453e+02)
[2023-02-09_13-38-36]  * Loss 104.658
[2023-02-09_13-38-36] Epoch: [22][ 0/63]	Time  0.009 ( 0.009)	Data  0.001 ( 0.001)	Loss 1.0453e+02 (1.0453e+02)
[2023-02-09_13-38-36] Epoch: [22][10/63]	Time  0.032 ( 0.031)	Data  0.001 ( 0.001)	Loss 1.0443e+02 (1.0449e+02)
[2023-02-09_13-38-37] Epoch: [22][20/63]	Time  0.032 ( 0.031)	Data  0.001 ( 0.001)	Loss 1.0429e+02 (1.0444e+02)
[2023-02-09_13-38-37] Epoch: [22][30/63]	Time  0.033 ( 0.032)	Data  0.001 ( 0.001)	Loss 1.0419e+02 (1.0439e+02)
[2023-02-09_13-38-37] Epoch: [22][40/63]	Time  0.032 ( 0.032)	Data  0.001 ( 0.001)	Loss 1.0417e+02 (1.0470e+02)
[2023-02-09_13-38-38] Epoch: [22][50/63]	Time  0.032 ( 0.032)	Data  0.001 ( 0.001)	Loss 1.0415e+02 (1.0458e+02)
[2023-02-09_13-38-38] Epoch: [22][60/63]	Time  0.032 ( 0.032)	Data  0.001 ( 0.001)	Loss 1.0395e+02 (1.0450e+02)
[2023-02-09_13-38-38] Test: [0/8]	Time  0.006 ( 0.006)	Loss 1.0383e+02 (1.0383e+02)
[2023-02-09_13-38-38]  * Loss 104.031
[2023-02-09_13-38-38] Epoch: [23][ 0/63]	Time  0.010 ( 0.010)	Data  0.001 ( 0.001)	Loss 1.0388e+02 (1.0388e+02)
[2023-02-09_13-38-38] Epoch: [23][10/63]	Time  0.032 ( 0.030)	Data  0.001 ( 0.001)	Loss 1.0396e+02 (1.0392e+02)
[2023-02-09_13-38-39] Epoch: [23][20/63]	Time  0.032 ( 0.031)	Data  0.001 ( 0.001)	Loss 1.0384e+02 (1.0449e+02)
[2023-02-09_13-38-39] Epoch: [23][30/63]	Time  0.032 ( 0.032)	Data  0.001 ( 0.001)	Loss 1.0448e+02 (1.0426e+02)
[2023-02-09_13-38-39] Epoch: [23][40/63]	Time  0.033 ( 0.032)	Data  0.001 ( 0.001)	Loss 1.0353e+02 (1.0411e+02)
[2023-02-09_13-38-40] Epoch: [23][50/63]	Time  0.032 ( 0.032)	Data  0.001 ( 0.001)	Loss 1.0340e+02 (1.0398e+02)
[2023-02-09_13-38-40] Epoch: [23][60/63]	Time  0.032 ( 0.032)	Data  0.001 ( 0.001)	Loss 1.0328e+02 (1.0390e+02)
[2023-02-09_13-38-40] Test: [0/8]	Time  0.006 ( 0.006)	Loss 1.0345e+02 (1.0345e+02)
[2023-02-09_13-38-40]  * Loss 103.424
[2023-02-09_13-38-40] Epoch: [24][ 0/63]	Time  0.011 ( 0.011)	Data  0.001 ( 0.001)	Loss 1.0326e+02 (1.0326e+02)
[2023-02-09_13-38-40] Epoch: [24][10/63]	Time  0.032 ( 0.031)	Data  0.001 ( 0.001)	Loss 1.0334e+02 (1.0452e+02)
[2023-02-09_13-38-41] Epoch: [24][20/63]	Time  0.032 ( 0.031)	Data  0.001 ( 0.001)	Loss 1.0306e+02 (1.0384e+02)
[2023-02-09_13-38-41] Epoch: [24][30/63]	Time  0.033 ( 0.032)	Data  0.001 ( 0.001)	Loss 1.0296e+02 (1.0358e+02)
[2023-02-09_13-38-41] Epoch: [24][40/63]	Time  0.033 ( 0.032)	Data  0.001 ( 0.001)	Loss 1.0290e+02 (1.0347e+02)
[2023-02-09_13-38-42] Epoch: [24][50/63]	Time  0.032 ( 0.032)	Data  0.001 ( 0.001)	Loss 1.0268e+02 (1.0336e+02)
[2023-02-09_13-38-42] Epoch: [24][60/63]	Time  0.032 ( 0.032)	Data  0.001 ( 0.001)	Loss 1.0273e+02 (1.0328e+02)
[2023-02-09_13-38-42] Test: [0/8]	Time  0.006 ( 0.006)	Loss 1.0266e+02 (1.0266e+02)
[2023-02-09_13-38-42]  * Loss 102.806
[2023-02-09_13-38-42] Epoch: [25][ 0/63]	Time  0.012 ( 0.012)	Data  0.001 ( 0.001)	Loss 1.0270e+02 (1.0270e+02)
[2023-02-09_13-38-43] Epoch: [25][10/63]	Time  0.032 ( 0.030)	Data  0.001 ( 0.001)	Loss 1.0256e+02 (1.0263e+02)
[2023-02-09_13-38-43] Epoch: [25][20/63]	Time  0.033 ( 0.031)	Data  0.001 ( 0.001)	Loss 1.0248e+02 (1.0262e+02)
[2023-02-09_13-38-43] Epoch: [25][30/63]	Time  0.032 ( 0.032)	Data  0.001 ( 0.001)	Loss 1.0241e+02 (1.0255e+02)
[2023-02-09_13-38-43] Epoch: [25][40/63]	Time  0.033 ( 0.032)	Data  0.001 ( 0.001)	Loss 1.0234e+02 (1.0252e+02)
[2023-02-09_13-38-44] Epoch: [25][50/63]	Time  0.033 ( 0.032)	Data  0.001 ( 0.001)	Loss 1.0216e+02 (1.0274e+02)
[2023-02-09_13-38-44] Epoch: [25][60/63]	Time  0.033 ( 0.032)	Data  0.001 ( 0.001)	Loss 1.0201e+02 (1.0263e+02)
[2023-02-09_13-38-44] Test: [0/8]	Time  0.006 ( 0.006)	Loss 1.0211e+02 (1.0211e+02)
[2023-02-09_13-38-44]  * Loss 102.189
[2023-02-09_13-38-44] Epoch: [26][ 0/63]	Time  0.011 ( 0.011)	Data  0.001 ( 0.001)	Loss 1.0216e+02 (1.0216e+02)
[2023-02-09_13-38-45] Epoch: [26][10/63]	Time  0.033 ( 0.030)	Data  0.001 ( 0.001)	Loss 1.0195e+02 (1.0202e+02)
[2023-02-09_13-38-45] Epoch: [26][20/63]	Time  0.032 ( 0.031)	Data  0.001 ( 0.001)	Loss 1.0185e+02 (1.0202e+02)
[2023-02-09_13-38-45] Epoch: [26][30/63]	Time  0.033 ( 0.032)	Data  0.001 ( 0.001)	Loss 1.0177e+02 (1.0198e+02)
[2023-02-09_13-38-46] Epoch: [26][40/63]	Time  0.032 ( 0.032)	Data  0.001 ( 0.001)	Loss 1.0167e+02 (1.0191e+02)
[2023-02-09_13-38-46] Epoch: [26][50/63]	Time  0.032 ( 0.032)	Data  0.001 ( 0.001)	Loss 1.0153e+02 (1.0185e+02)
[2023-02-09_13-38-46] Epoch: [26][60/63]	Time  0.032 ( 0.032)	Data  0.001 ( 0.001)	Loss 1.0141e+02 (1.0202e+02)
[2023-02-09_13-38-46] Test: [0/8]	Time  0.006 ( 0.006)	Loss 1.0135e+02 (1.0135e+02)
[2023-02-09_13-38-46]  * Loss 101.555
[2023-02-09_13-38-46] Epoch: [27][ 0/63]	Time  0.011 ( 0.011)	Data  0.001 ( 0.001)	Loss 1.0134e+02 (1.0134e+02)
[2023-02-09_13-38-47] Epoch: [27][10/63]	Time  0.028 ( 0.030)	Data  0.001 ( 0.001)	Loss 1.0133e+02 (1.0138e+02)
[2023-02-09_13-38-47] Epoch: [27][20/63]	Time  0.032 ( 0.031)	Data  0.001 ( 0.001)	Loss 1.0125e+02 (1.0199e+02)
[2023-02-09_13-38-47] Epoch: [27][30/63]	Time  0.033 ( 0.032)	Data  0.001 ( 0.001)	Loss 1.0135e+02 (1.0173e+02)
[2023-02-09_13-38-48] Epoch: [27][40/63]	Time  0.033 ( 0.032)	Data  0.001 ( 0.001)	Loss 1.0119e+02 (1.0160e+02)
[2023-02-09_13-38-48] Epoch: [27][50/63]	Time  0.032 ( 0.032)	Data  0.001 ( 0.001)	Loss 1.0090e+02 (1.0151e+02)
[2023-02-09_13-38-48] Epoch: [27][60/63]	Time  0.032 ( 0.032)	Data  0.001 ( 0.001)	Loss 1.0098e+02 (1.0142e+02)
[2023-02-09_13-38-48] Test: [0/8]	Time  0.006 ( 0.006)	Loss 1.0095e+02 (1.0095e+02)
[2023-02-09_13-38-48]  * Loss 100.983
[2023-02-09_13-38-48] Epoch: [28][ 0/63]	Time  0.011 ( 0.011)	Data  0.001 ( 0.001)	Loss 1.0071e+02 (1.0071e+02)
[2023-02-09_13-38-49] Epoch: [28][10/63]	Time  0.032 ( 0.030)	Data  0.001 ( 0.001)	Loss 1.0074e+02 (1.0103e+02)
[2023-02-09_13-38-49] Epoch: [28][20/63]	Time  0.032 ( 0.031)	Data  0.001 ( 0.001)	Loss 1.0066e+02 (1.0086e+02)
[2023-02-09_13-38-49] Epoch: [28][30/63]	Time  0.032 ( 0.032)	Data  0.001 ( 0.001)	Loss 1.0046e+02 (1.0121e+02)
[2023-02-09_13-38-50] Epoch: [28][40/63]	Time  0.032 ( 0.032)	Data  0.001 ( 0.001)	Loss 1.0034e+02 (1.0104e+02)
[2023-02-09_13-38-50] Epoch: [28][50/63]	Time  0.033 ( 0.032)	Data  0.001 ( 0.001)	Loss 1.0036e+02 (1.0091e+02)
[2023-02-09_13-38-50] Epoch: [28][60/63]	Time  0.033 ( 0.032)	Data  0.001 ( 0.001)	Loss 1.0026e+02 (1.0081e+02)
[2023-02-09_13-38-50] Test: [0/8]	Time  0.006 ( 0.006)	Loss 1.0016e+02 (1.0016e+02)
[2023-02-09_13-38-50]  * Loss 100.332
[2023-02-09_13-38-50] Epoch: [29][ 0/63]	Time  0.011 ( 0.011)	Data  0.001 ( 0.001)	Loss 1.0016e+02 (1.0016e+02)
[2023-02-09_13-38-51] Epoch: [29][10/63]	Time  0.033 ( 0.030)	Data  0.001 ( 0.001)	Loss 1.0020e+02 (1.0024e+02)
[2023-02-09_13-38-51] Epoch: [29][20/63]	Time  0.032 ( 0.031)	Data  0.001 ( 0.001)	Loss 9.9968e+01 (1.0014e+02)
[2023-02-09_13-38-51] Epoch: [29][30/63]	Time  0.033 ( 0.032)	Data  0.001 ( 0.001)	Loss 1.0003e+02 (1.0058e+02)
[2023-02-09_13-38-52] Epoch: [29][40/63]	Time  0.032 ( 0.032)	Data  0.001 ( 0.001)	Loss 9.9742e+01 (1.0040e+02)
[2023-02-09_13-38-52] Epoch: [29][50/63]	Time  0.033 ( 0.032)	Data  0.001 ( 0.001)	Loss 9.9679e+01 (1.0029e+02)
[2023-02-09_13-38-52] Epoch: [29][60/63]	Time  0.032 ( 0.032)	Data  0.001 ( 0.001)	Loss 9.9584e+01 (1.0019e+02)
[2023-02-09_13-38-52] Test: [0/8]	Time  0.006 ( 0.006)	Loss 9.9581e+01 (9.9581e+01)
[2023-02-09_13-38-52]  * Loss 99.699
[2023-02-09_13-38-52] Epoch: [30][ 0/63]	Time  0.011 ( 0.011)	Data  0.001 ( 0.001)	Loss 9.9581e+01 (9.9581e+01)
[2023-02-09_13-38-53] Epoch: [30][10/63]	Time  0.033 ( 0.030)	Data  0.001 ( 0.001)	Loss 9.9473e+01 (9.9627e+01)
[2023-02-09_13-38-53] Epoch: [30][20/63]	Time  0.032 ( 0.031)	Data  0.001 ( 0.001)	Loss 9.9362e+01 (9.9567e+01)
[2023-02-09_13-38-53] Epoch: [30][30/63]	Time  0.033 ( 0.032)	Data  0.001 ( 0.001)	Loss 9.9234e+01 (9.9492e+01)
[2023-02-09_13-38-54] Epoch: [30][40/63]	Time  0.032 ( 0.032)	Data  0.001 ( 0.001)	Loss 9.9145e+01 (9.9427e+01)
[2023-02-09_13-38-54] Epoch: [30][50/63]	Time  0.032 ( 0.032)	Data  0.001 ( 0.001)	Loss 9.9060e+01 (9.9364e+01)
[2023-02-09_13-38-54] Epoch: [30][60/63]	Time  0.032 ( 0.032)	Data  0.001 ( 0.001)	Loss 9.8978e+01 (9.9552e+01)
[2023-02-09_13-38-54] Test: [0/8]	Time  0.006 ( 0.006)	Loss 9.8957e+01 (9.8957e+01)
[2023-02-09_13-38-54]  * Loss 99.064
[2023-02-09_13-38-55] Epoch: [31][ 0/63]	Time  0.011 ( 0.011)	Data  0.001 ( 0.001)	Loss 9.8957e+01 (9.8957e+01)
[2023-02-09_13-38-55] Epoch: [31][10/63]	Time  0.032 ( 0.030)	Data  0.005 ( 0.001)	Loss 9.8865e+01 (1.0017e+02)
[2023-02-09_13-38-55] Epoch: [31][20/63]	Time  0.032 ( 0.031)	Data  0.001 ( 0.001)	Loss 9.8718e+01 (9.9516e+01)
[2023-02-09_13-38-55] Epoch: [31][30/63]	Time  0.032 ( 0.032)	Data  0.001 ( 0.001)	Loss 9.8683e+01 (9.9288e+01)
[2023-02-09_13-38-56] Epoch: [31][40/63]	Time  0.033 ( 0.032)	Data  0.001 ( 0.001)	Loss 9.8543e+01 (9.9120e+01)
[2023-02-09_13-38-56] Epoch: [31][50/63]	Time  0.032 ( 0.032)	Data  0.001 ( 0.001)	Loss 9.8401e+01 (9.9003e+01)
[2023-02-09_13-38-56] Epoch: [31][60/63]	Time  0.032 ( 0.032)	Data  0.001 ( 0.001)	Loss 9.8376e+01 (9.8921e+01)
[2023-02-09_13-38-57] Test: [0/8]	Time  0.006 ( 0.006)	Loss 9.8345e+01 (9.8345e+01)
[2023-02-09_13-38-57]  * Loss 98.463
[2023-02-09_13-38-57] Epoch: [32][ 0/63]	Time  0.011 ( 0.011)	Data  0.001 ( 0.001)	Loss 9.9221e+01 (9.9221e+01)
[2023-02-09_13-38-57] Epoch: [32][10/63]	Time  0.032 ( 0.030)	Data  0.001 ( 0.001)	Loss 9.8262e+01 (9.8385e+01)
[2023-02-09_13-38-57] Epoch: [32][20/63]	Time  0.032 ( 0.031)	Data  0.001 ( 0.001)	Loss 9.8170e+01 (9.8382e+01)
[2023-02-09_13-38-58] Epoch: [32][30/63]	Time  0.032 ( 0.032)	Data  0.001 ( 0.001)	Loss 9.8055e+01 (9.8741e+01)
[2023-02-09_13-38-58] Epoch: [32][40/63]	Time  0.032 ( 0.032)	Data  0.001 ( 0.001)	Loss 9.8017e+01 (9.8561e+01)
[2023-02-09_13-38-58] Epoch: [32][50/63]	Time  0.033 ( 0.032)	Data  0.001 ( 0.001)	Loss 9.7911e+01 (9.8434e+01)
[2023-02-09_13-38-59] Epoch: [32][60/63]	Time  0.032 ( 0.032)	Data  0.001 ( 0.001)	Loss 9.7706e+01 (9.8326e+01)
[2023-02-09_13-38-59] Test: [0/8]	Time  0.006 ( 0.006)	Loss 9.7894e+01 (9.7894e+01)
[2023-02-09_13-38-59]  * Loss 97.866
[2023-02-09_13-38-59] Epoch: [33][ 0/63]	Time  0.011 ( 0.011)	Data  0.001 ( 0.001)	Loss 9.7681e+01 (9.7681e+01)
[2023-02-09_13-38-59] Epoch: [33][10/63]	Time  0.033 ( 0.030)	Data  0.001 ( 0.001)	Loss 9.7794e+01 (9.7801e+01)
[2023-02-09_13-38-59] Epoch: [33][20/63]	Time  0.032 ( 0.031)	Data  0.001 ( 0.001)	Loss 9.7605e+01 (9.8352e+01)
[2023-02-09_13-39-00] Epoch: [33][30/63]	Time  0.033 ( 0.032)	Data  0.001 ( 0.001)	Loss 9.7389e+01 (9.8055e+01)
[2023-02-09_13-39-00] Epoch: [33][40/63]	Time  0.032 ( 0.032)	Data  0.001 ( 0.001)	Loss 9.7275e+01 (9.7908e+01)
[2023-02-09_13-39-00] Epoch: [33][50/63]	Time  0.035 ( 0.032)	Data  0.001 ( 0.001)	Loss 9.7311e+01 (9.7789e+01)
[2023-02-09_13-39-01] Epoch: [33][60/63]	Time  0.033 ( 0.032)	Data  0.001 ( 0.001)	Loss 9.7172e+01 (9.7705e+01)
[2023-02-09_13-39-01] Test: [0/8]	Time  0.006 ( 0.006)	Loss 9.7105e+01 (9.7105e+01)
[2023-02-09_13-39-01]  * Loss 97.228
[2023-02-09_13-39-01] Epoch: [34][ 0/63]	Time  0.011 ( 0.011)	Data  0.001 ( 0.001)	Loss 9.7105e+01 (9.7105e+01)
[2023-02-09_13-39-01] Epoch: [34][10/63]	Time  0.033 ( 0.030)	Data  0.001 ( 0.001)	Loss 9.6986e+01 (9.7205e+01)
[2023-02-09_13-39-01] Epoch: [34][20/63]	Time  0.032 ( 0.031)	Data  0.001 ( 0.001)	Loss 9.6907e+01 (9.7093e+01)
[2023-02-09_13-39-02] Epoch: [34][30/63]	Time  0.032 ( 0.032)	Data  0.001 ( 0.001)	Loss 9.6798e+01 (9.7020e+01)
[2023-02-09_13-39-02] Epoch: [34][40/63]	Time  0.033 ( 0.032)	Data  0.001 ( 0.001)	Loss 9.6714e+01 (9.7291e+01)
[2023-02-09_13-39-02] Epoch: [34][50/63]	Time  0.033 ( 0.032)	Data  0.001 ( 0.001)	Loss 9.6547e+01 (9.7183e+01)
[2023-02-09_13-39-03] Epoch: [34][60/63]	Time  0.033 ( 0.032)	Data  0.001 ( 0.001)	Loss 9.6653e+01 (9.7088e+01)
[2023-02-09_13-39-03] Test: [0/8]	Time  0.006 ( 0.006)	Loss 9.6435e+01 (9.6435e+01)
[2023-02-09_13-39-03]  * Loss 96.621
[2023-02-09_13-39-03] Epoch: [35][ 0/63]	Time  0.011 ( 0.011)	Data  0.001 ( 0.001)	Loss 9.6438e+01 (9.6438e+01)
[2023-02-09_13-39-03] Epoch: [35][10/63]	Time  0.033 ( 0.031)	Data  0.001 ( 0.001)	Loss 9.6312e+01 (9.6484e+01)
[2023-02-09_13-39-03] Epoch: [35][20/63]	Time  0.032 ( 0.032)	Data  0.001 ( 0.001)	Loss 9.6489e+01 (9.6406e+01)
[2023-02-09_13-39-04] Epoch: [35][30/63]	Time  0.032 ( 0.032)	Data  0.001 ( 0.001)	Loss 9.6128e+01 (9.6393e+01)
[2023-02-09_13-39-04] Epoch: [35][40/63]	Time  0.033 ( 0.032)	Data  0.001 ( 0.001)	Loss 9.6201e+01 (9.6683e+01)
[2023-02-09_13-39-04] Epoch: [35][50/63]	Time  0.032 ( 0.032)	Data  0.001 ( 0.001)	Loss 9.6024e+01 (9.6557e+01)
[2023-02-09_13-39-05] Epoch: [35][60/63]	Time  0.032 ( 0.032)	Data  0.001 ( 0.001)	Loss 9.5887e+01 (9.6471e+01)
[2023-02-09_13-39-05] Test: [0/8]	Time  0.006 ( 0.006)	Loss 9.6881e+01 (9.6881e+01)
[2023-02-09_13-39-05]  * Loss 95.983
[2023-02-09_13-39-05] Epoch: [36][ 0/63]	Time  0.010 ( 0.010)	Data  0.001 ( 0.001)	Loss 9.5841e+01 (9.5841e+01)
[2023-02-09_13-39-05] Epoch: [36][10/63]	Time  0.033 ( 0.030)	Data  0.001 ( 0.001)	Loss 9.5763e+01 (9.5823e+01)
[2023-02-09_13-39-05] Epoch: [36][20/63]	Time  0.032 ( 0.031)	Data  0.001 ( 0.001)	Loss 9.5609e+01 (9.5766e+01)
[2023-02-09_13-39-06] Epoch: [36][30/63]	Time  0.032 ( 0.032)	Data  0.001 ( 0.001)	Loss 9.5564e+01 (9.5751e+01)
[2023-02-09_13-39-06] Epoch: [36][40/63]	Time  0.032 ( 0.032)	Data  0.001 ( 0.001)	Loss 9.5475e+01 (9.6035e+01)
[2023-02-09_13-39-06] Epoch: [36][50/63]	Time  0.033 ( 0.032)	Data  0.001 ( 0.001)	Loss 9.5373e+01 (9.5935e+01)
[2023-02-09_13-39-07] Epoch: [36][60/63]	Time  0.033 ( 0.032)	Data  0.001 ( 0.001)	Loss 9.5352e+01 (9.5833e+01)
[2023-02-09_13-39-07] Test: [0/8]	Time  0.006 ( 0.006)	Loss 9.5197e+01 (9.5197e+01)
[2023-02-09_13-39-07]  * Loss 95.373
[2023-02-09_13-39-07] Epoch: [37][ 0/63]	Time  0.012 ( 0.012)	Data  0.001 ( 0.001)	Loss 9.5204e+01 (9.5204e+01)
[2023-02-09_13-39-07] Epoch: [37][10/63]	Time  0.032 ( 0.030)	Data  0.001 ( 0.001)	Loss 9.5208e+01 (9.5259e+01)
[2023-02-09_13-39-07] Epoch: [37][20/63]	Time  0.032 ( 0.031)	Data  0.001 ( 0.001)	Loss 9.5098e+01 (9.5188e+01)
[2023-02-09_13-39-08] Epoch: [37][30/63]	Time  0.032 ( 0.032)	Data  0.001 ( 0.001)	Loss 9.4923e+01 (9.5135e+01)
[2023-02-09_13-39-08] Epoch: [37][40/63]	Time  0.032 ( 0.032)	Data  0.001 ( 0.001)	Loss 9.4803e+01 (9.5419e+01)
[2023-02-09_13-39-08] Epoch: [37][50/63]	Time  0.032 ( 0.032)	Data  0.001 ( 0.001)	Loss 9.4754e+01 (9.5322e+01)
[2023-02-09_13-39-09] Epoch: [37][60/63]	Time  0.033 ( 0.032)	Data  0.001 ( 0.001)	Loss 9.4686e+01 (9.5238e+01)
[2023-02-09_13-39-09] Test: [0/8]	Time  0.006 ( 0.006)	Loss 9.4676e+01 (9.4676e+01)
[2023-02-09_13-39-09]  * Loss 94.781
[2023-02-09_13-39-09] Epoch: [38][ 0/63]	Time  0.011 ( 0.011)	Data  0.001 ( 0.001)	Loss 9.4640e+01 (9.4640e+01)
[2023-02-09_13-39-09] Epoch: [38][10/63]	Time  0.032 ( 0.030)	Data  0.001 ( 0.001)	Loss 9.4560e+01 (9.5868e+01)
[2023-02-09_13-39-10] Epoch: [38][20/63]	Time  0.033 ( 0.031)	Data  0.001 ( 0.001)	Loss 9.4433e+01 (9.5245e+01)
[2023-02-09_13-39-10] Epoch: [38][30/63]	Time  0.032 ( 0.032)	Data  0.001 ( 0.001)	Loss 9.4313e+01 (9.4983e+01)
[2023-02-09_13-39-10] Epoch: [38][40/63]	Time  0.032 ( 0.032)	Data  0.001 ( 0.001)	Loss 9.4197e+01 (9.4841e+01)
[2023-02-09_13-39-11] Epoch: [38][50/63]	Time  0.032 ( 0.032)	Data  0.001 ( 0.001)	Loss 9.4092e+01 (9.4730e+01)
[2023-02-09_13-39-11] Epoch: [38][60/63]	Time  0.032 ( 0.032)	Data  0.001 ( 0.001)	Loss 9.3987e+01 (9.4624e+01)
[2023-02-09_13-39-11] Test: [0/8]	Time  0.006 ( 0.006)	Loss 9.4035e+01 (9.4035e+01)
[2023-02-09_13-39-11]  * Loss 94.175
[2023-02-09_13-39-11] Epoch: [39][ 0/63]	Time  0.020 ( 0.020)	Data  0.001 ( 0.001)	Loss 9.4028e+01 (9.4028e+01)
[2023-02-09_13-39-11] Epoch: [39][10/63]	Time  0.033 ( 0.031)	Data  0.001 ( 0.001)	Loss 9.3920e+01 (9.4038e+01)
[2023-02-09_13-39-12] Epoch: [39][20/63]	Time  0.033 ( 0.032)	Data  0.001 ( 0.001)	Loss 9.3993e+01 (9.3987e+01)
[2023-02-09_13-39-12] Epoch: [39][30/63]	Time  0.033 ( 0.032)	Data  0.001 ( 0.001)	Loss 9.3701e+01 (9.3918e+01)
[2023-02-09_13-39-12] Epoch: [39][40/63]	Time  0.033 ( 0.032)	Data  0.001 ( 0.001)	Loss 9.3699e+01 (9.4189e+01)
[2023-02-09_13-39-13] Epoch: [39][50/63]	Time  0.033 ( 0.032)	Data  0.001 ( 0.001)	Loss 9.3706e+01 (9.4075e+01)
[2023-02-09_13-39-13] Epoch: [39][60/63]	Time  0.033 ( 0.032)	Data  0.001 ( 0.001)	Loss 9.3516e+01 (9.4004e+01)
[2023-02-09_13-39-13] Test: [0/8]	Time  0.006 ( 0.006)	Loss 9.3358e+01 (9.3358e+01)
[2023-02-09_13-39-13]  * Loss 93.529
[2023-02-09_13-39-13] Epoch: [40][ 0/63]	Time  0.011 ( 0.011)	Data  0.001 ( 0.001)	Loss 9.3358e+01 (9.3358e+01)
[2023-02-09_13-39-13] Epoch: [40][10/63]	Time  0.032 ( 0.030)	Data  0.001 ( 0.001)	Loss 9.3293e+01 (9.3452e+01)
[2023-02-09_13-39-14] Epoch: [40][20/63]	Time  0.032 ( 0.031)	Data  0.001 ( 0.001)	Loss 9.3262e+01 (9.3369e+01)
[2023-02-09_13-39-14] Epoch: [40][30/63]	Time  0.032 ( 0.032)	Data  0.001 ( 0.001)	Loss 9.3113e+01 (9.3817e+01)
[2023-02-09_13-39-14] Epoch: [40][40/63]	Time  0.032 ( 0.032)	Data  0.001 ( 0.001)	Loss 9.3081e+01 (9.3633e+01)
[2023-02-09_13-39-15] Epoch: [40][50/63]	Time  0.033 ( 0.032)	Data  0.001 ( 0.001)	Loss 9.2869e+01 (9.3498e+01)
[2023-02-09_13-39-15] Epoch: [40][60/63]	Time  0.032 ( 0.032)	Data  0.001 ( 0.001)	Loss 9.2791e+01 (9.3391e+01)
[2023-02-09_13-39-15] Test: [0/8]	Time  0.006 ( 0.006)	Loss 9.2791e+01 (9.2791e+01)
[2023-02-09_13-39-15]  * Loss 92.907
[2023-02-09_13-39-15] Epoch: [41][ 0/63]	Time  0.011 ( 0.011)	Data  0.002 ( 0.002)	Loss 9.2696e+01 (9.2696e+01)
[2023-02-09_13-39-15] Epoch: [41][10/63]	Time  0.032 ( 0.030)	Data  0.001 ( 0.001)	Loss 9.2608e+01 (9.2724e+01)
[2023-02-09_13-39-16] Epoch: [41][20/63]	Time  0.032 ( 0.031)	Data  0.001 ( 0.001)	Loss 9.2531e+01 (9.2703e+01)
[2023-02-09_13-39-16] Epoch: [41][30/63]	Time  0.033 ( 0.032)	Data  0.001 ( 0.001)	Loss 9.2405e+01 (9.2638e+01)
[2023-02-09_13-39-16] Epoch: [41][40/63]	Time  0.032 ( 0.032)	Data  0.001 ( 0.001)	Loss 9.2443e+01 (9.2922e+01)
[2023-02-09_13-39-17] Epoch: [41][50/63]	Time  0.033 ( 0.032)	Data  0.001 ( 0.001)	Loss 9.3167e+01 (9.2862e+01)
[2023-02-09_13-39-17] Epoch: [41][60/63]	Time  0.033 ( 0.032)	Data  0.001 ( 0.001)	Loss 9.2094e+01 (9.2789e+01)
[2023-02-09_13-39-17] Test: [0/8]	Time  0.006 ( 0.006)	Loss 9.2174e+01 (9.2174e+01)
[2023-02-09_13-39-17]  * Loss 92.334
[2023-02-09_13-39-17] Epoch: [42][ 0/63]	Time  0.010 ( 0.010)	Data  0.001 ( 0.001)	Loss 9.2591e+01 (9.2591e+01)
[2023-02-09_13-39-17] Epoch: [42][10/63]	Time  0.033 ( 0.030)	Data  0.001 ( 0.001)	Loss 9.2973e+01 (9.2257e+01)
[2023-02-09_13-39-18] Epoch: [42][20/63]	Time  0.032 ( 0.031)	Data  0.001 ( 0.001)	Loss 9.1955e+01 (9.2140e+01)
[2023-02-09_13-39-18] Epoch: [42][30/63]	Time  0.033 ( 0.032)	Data  0.001 ( 0.001)	Loss 9.1834e+01 (9.2063e+01)
[2023-02-09_13-39-18] Epoch: [42][40/63]	Time  0.032 ( 0.032)	Data  0.001 ( 0.001)	Loss 9.2119e+01 (9.2013e+01)
[2023-02-09_13-39-19] Epoch: [42][50/63]	Time  0.032 ( 0.032)	Data  0.001 ( 0.001)	Loss 1.0564e+02 (9.2263e+01)
[2023-02-09_13-39-19] Epoch: [42][60/63]	Time  0.032 ( 0.032)	Data  0.001 ( 0.001)	Loss 9.1540e+01 (9.2176e+01)
[2023-02-09_13-39-19] Test: [0/8]	Time  0.006 ( 0.006)	Loss 9.1509e+01 (9.1509e+01)
[2023-02-09_13-39-19]  * Loss 91.692
[2023-02-09_13-39-19] Epoch: [43][ 0/63]	Time  0.011 ( 0.011)	Data  0.001 ( 0.001)	Loss 9.1632e+01 (9.1632e+01)
[2023-02-09_13-39-19] Epoch: [43][10/63]	Time  0.032 ( 0.030)	Data  0.001 ( 0.001)	Loss 9.1415e+01 (9.1520e+01)
[2023-02-09_13-39-20] Epoch: [43][20/63]	Time  0.033 ( 0.031)	Data  0.001 ( 0.001)	Loss 9.1329e+01 (9.1466e+01)
[2023-02-09_13-39-20] Epoch: [43][30/63]	Time  0.033 ( 0.032)	Data  0.001 ( 0.001)	Loss 9.1333e+01 (9.1411e+01)
[2023-02-09_13-39-20] Epoch: [43][40/63]	Time  0.032 ( 0.032)	Data  0.001 ( 0.001)	Loss 9.1104e+01 (9.1395e+01)
[2023-02-09_13-39-21] Epoch: [43][50/63]	Time  0.033 ( 0.032)	Data  0.001 ( 0.001)	Loss 9.1008e+01 (9.1353e+01)
[2023-02-09_13-39-21] Epoch: [43][60/63]	Time  0.033 ( 0.032)	Data  0.001 ( 0.001)	Loss 9.0925e+01 (9.1549e+01)
[2023-02-09_13-39-21] Test: [0/8]	Time  0.006 ( 0.006)	Loss 9.0975e+01 (9.0975e+01)
[2023-02-09_13-39-21]  * Loss 91.052
[2023-02-09_13-39-21] Epoch: [44][ 0/63]	Time  0.011 ( 0.011)	Data  0.001 ( 0.001)	Loss 9.1183e+01 (9.1183e+01)
[2023-02-09_13-39-22] Epoch: [44][10/63]	Time  0.033 ( 0.030)	Data  0.001 ( 0.001)	Loss 9.0883e+01 (9.0993e+01)
[2023-02-09_13-39-22] Epoch: [44][20/63]	Time  0.033 ( 0.031)	Data  0.001 ( 0.001)	Loss 9.0740e+01 (9.0905e+01)
[2023-02-09_13-39-22] Epoch: [44][30/63]	Time  0.032 ( 0.032)	Data  0.001 ( 0.001)	Loss 9.0637e+01 (9.1297e+01)
[2023-02-09_13-39-23] Epoch: [44][40/63]	Time  0.033 ( 0.032)	Data  0.001 ( 0.001)	Loss 9.0488e+01 (9.1160e+01)
[2023-02-09_13-39-23] Epoch: [44][50/63]	Time  0.032 ( 0.032)	Data  0.001 ( 0.001)	Loss 9.0394e+01 (9.1069e+01)
[2023-02-09_13-39-23] Epoch: [44][60/63]	Time  0.032 ( 0.032)	Data  0.001 ( 0.001)	Loss 9.0519e+01 (9.0962e+01)
[2023-02-09_13-39-23] Test: [0/8]	Time  0.006 ( 0.006)	Loss 9.0478e+01 (9.0478e+01)
[2023-02-09_13-39-23]  * Loss 90.447
[2023-02-09_13-39-23] Epoch: [45][ 0/63]	Time  0.011 ( 0.011)	Data  0.001 ( 0.001)	Loss 9.0269e+01 (9.0269e+01)
[2023-02-09_13-39-24] Epoch: [45][10/63]	Time  0.033 ( 0.030)	Data  0.001 ( 0.001)	Loss 9.0201e+01 (9.1673e+01)
[2023-02-09_13-39-24] Epoch: [45][20/63]	Time  0.032 ( 0.031)	Data  0.001 ( 0.001)	Loss 9.0213e+01 (9.0969e+01)
[2023-02-09_13-39-24] Epoch: [45][30/63]	Time  0.033 ( 0.032)	Data  0.001 ( 0.001)	Loss 9.0076e+01 (9.0692e+01)
[2023-02-09_13-39-25] Epoch: [45][40/63]	Time  0.032 ( 0.032)	Data  0.001 ( 0.001)	Loss 8.9917e+01 (9.0563e+01)
[2023-02-09_13-39-25] Epoch: [45][50/63]	Time  0.033 ( 0.032)	Data  0.001 ( 0.001)	Loss 8.9844e+01 (9.0436e+01)
[2023-02-09_13-39-25] Epoch: [45][60/63]	Time  0.033 ( 0.032)	Data  0.001 ( 0.001)	Loss 8.9727e+01 (9.0334e+01)
[2023-02-09_13-39-25] Test: [0/8]	Time  0.006 ( 0.006)	Loss 8.9697e+01 (8.9697e+01)
[2023-02-09_13-39-25]  * Loss 89.841
[2023-02-09_13-39-25] Epoch: [46][ 0/63]	Time  0.011 ( 0.011)	Data  0.001 ( 0.001)	Loss 8.9697e+01 (8.9697e+01)
[2023-02-09_13-39-26] Epoch: [46][10/63]	Time  0.033 ( 0.030)	Data  0.001 ( 0.001)	Loss 8.9607e+01 (8.9752e+01)
[2023-02-09_13-39-26] Epoch: [46][20/63]	Time  0.032 ( 0.031)	Data  0.001 ( 0.001)	Loss 8.9486e+01 (9.0421e+01)
[2023-02-09_13-39-26] Epoch: [46][30/63]	Time  0.033 ( 0.032)	Data  0.001 ( 0.001)	Loss 8.9491e+01 (9.0112e+01)
[2023-02-09_13-39-27] Epoch: [46][40/63]	Time  0.033 ( 0.032)	Data  0.001 ( 0.001)	Loss 8.9459e+01 (8.9946e+01)
[2023-02-09_13-39-27] Epoch: [46][50/63]	Time  0.032 ( 0.032)	Data  0.001 ( 0.001)	Loss 8.9237e+01 (8.9817e+01)
[2023-02-09_13-39-27] Epoch: [46][60/63]	Time  0.033 ( 0.032)	Data  0.001 ( 0.001)	Loss 8.9107e+01 (8.9711e+01)
[2023-02-09_13-39-27] Test: [0/8]	Time  0.006 ( 0.006)	Loss 8.9095e+01 (8.9095e+01)
[2023-02-09_13-39-27]  * Loss 89.232
[2023-02-09_13-39-27] Epoch: [47][ 0/63]	Time  0.014 ( 0.014)	Data  0.001 ( 0.001)	Loss 1.0308e+02 (1.0308e+02)
[2023-02-09_13-39-28] Epoch: [47][10/63]	Time  0.032 ( 0.030)	Data  0.001 ( 0.001)	Loss 8.9023e+01 (9.0349e+01)
[2023-02-09_13-39-28] Epoch: [47][20/63]	Time  0.033 ( 0.031)	Data  0.001 ( 0.001)	Loss 8.8928e+01 (8.9731e+01)
[2023-02-09_13-39-28] Epoch: [47][30/63]	Time  0.032 ( 0.032)	Data  0.001 ( 0.001)	Loss 8.8761e+01 (8.9450e+01)
[2023-02-09_13-39-29] Epoch: [47][40/63]	Time  0.032 ( 0.032)	Data  0.001 ( 0.001)	Loss 8.8695e+01 (8.9278e+01)
[2023-02-09_13-39-29] Epoch: [47][50/63]	Time  0.032 ( 0.032)	Data  0.001 ( 0.001)	Loss 8.8751e+01 (8.9206e+01)
[2023-02-09_13-39-29] Epoch: [47][60/63]	Time  0.032 ( 0.032)	Data  0.001 ( 0.001)	Loss 8.8474e+01 (8.9101e+01)
[2023-02-09_13-39-29] Test: [0/8]	Time  0.006 ( 0.006)	Loss 8.8435e+01 (8.8435e+01)
[2023-02-09_13-39-29]  * Loss 88.608
[2023-02-09_13-39-29] Epoch: [48][ 0/63]	Time  0.011 ( 0.011)	Data  0.001 ( 0.001)	Loss 8.8435e+01 (8.8435e+01)
[2023-02-09_13-39-30] Epoch: [48][10/63]	Time  0.032 ( 0.030)	Data  0.001 ( 0.001)	Loss 8.8417e+01 (8.8447e+01)
[2023-02-09_13-39-30] Epoch: [48][20/63]	Time  0.032 ( 0.031)	Data  0.001 ( 0.001)	Loss 8.8366e+01 (8.8438e+01)
[2023-02-09_13-39-30] Epoch: [48][30/63]	Time  0.033 ( 0.032)	Data  0.001 ( 0.001)	Loss 8.8206e+01 (8.8834e+01)
[2023-02-09_13-39-31] Epoch: [48][40/63]	Time  0.032 ( 0.032)	Data  0.001 ( 0.001)	Loss 8.8045e+01 (8.8669e+01)
[2023-02-09_13-39-31] Epoch: [48][50/63]	Time  0.033 ( 0.032)	Data  0.001 ( 0.001)	Loss 8.8030e+01 (8.8593e+01)
[2023-02-09_13-39-31] Epoch: [48][60/63]	Time  0.032 ( 0.032)	Data  0.001 ( 0.001)	Loss 8.7921e+01 (8.8496e+01)
[2023-02-09_13-39-31] Test: [0/8]	Time  0.006 ( 0.006)	Loss 8.7825e+01 (8.7825e+01)
[2023-02-09_13-39-31]  * Loss 87.986
[2023-02-09_13-39-31] Epoch: [49][ 0/63]	Time  0.011 ( 0.011)	Data  0.001 ( 0.001)	Loss 8.7873e+01 (8.7873e+01)
[2023-02-09_13-39-32] Epoch: [49][10/63]	Time  0.033 ( 0.030)	Data  0.001 ( 0.001)	Loss 8.7764e+01 (8.9126e+01)
[2023-02-09_13-39-32] Epoch: [49][20/63]	Time  0.032 ( 0.031)	Data  0.001 ( 0.001)	Loss 8.8524e+01 (8.8503e+01)
[2023-02-09_13-39-32] Epoch: [49][30/63]	Time  0.032 ( 0.032)	Data  0.001 ( 0.001)	Loss 8.7654e+01 (8.8238e+01)
[2023-02-09_13-39-33] Epoch: [49][40/63]	Time  0.033 ( 0.032)	Data  0.001 ( 0.001)	Loss 8.7532e+01 (8.8070e+01)
[2023-02-09_13-39-33] Epoch: [49][50/63]	Time  0.033 ( 0.032)	Data  0.001 ( 0.001)	Loss 8.7397e+01 (8.7964e+01)
[2023-02-09_13-39-33] Epoch: [49][60/63]	Time  0.033 ( 0.032)	Data  0.001 ( 0.001)	Loss 8.7323e+01 (8.7886e+01)
[2023-02-09_13-39-33] Test: [0/8]	Time  0.006 ( 0.006)	Loss 8.8395e+01 (8.8395e+01)
[2023-02-09_13-39-34]  * Loss 87.417
